[ 2016-08-03 19:53:22.5863 26/7f2820480740 age/Wat/WatchdogMain.cpp:1276 ]: Starting Passenger watchdog...
[ 2016-08-03 19:53:22.6431 29/7f6087e57740 age/Cor/CoreMain.cpp:957 ]: Starting Passenger core...
[ 2016-08-03 19:53:22.6442 29/7f6087e57740 age/Cor/CoreMain.cpp:234 ]: Passenger core running in multi-application mode.
[ 2016-08-03 19:53:22.6693 29/7f6087e57740 age/Cor/CoreMain.cpp:707 ]: Passenger core online, PID 29
[ 2016-08-03 19:53:22.7212 36/7f18fd2fb740 age/Ust/UstRouterMain.cpp:504 ]: Starting Passenger UstRouter...
[ 2016-08-03 19:53:22.7259 36/7f18fd2fb740 age/Ust/UstRouterMain.cpp:317 ]: Passenger UstRouter online, PID 36
App 65 stdout: 
App 65 stdout: [0;32m   INFO[0m - [0;33m[0m (0.000115s) SET standard_conforming_strings = ON
App 65 stdout: [0;32m   INFO[0m - [0;33m[0m (0.000087s) SET client_min_messages = 'WARNING'
App 65 stdout: [0;32m   INFO[0m - [0;33m[0m (0.000083s) SET DateStyle = 'ISO'
App 65 stdout: [0;32m   INFO[0m - [0;33m[0m (0.000284s) SELECT NULL
App 65 stdout: [0;32m   INFO[0m - [0;33m[0m (0.000110s) SELECT NULL
App 65 stdout: [0;32m   INFO[0m - [0;33m[0m (0.001997s) SELECT "pg_attribute"."attname" AS "name", CAST("pg_attribute"."atttypid" AS integer) AS "oid", CAST("basetype"."oid" AS integer) AS "base_oid", format_type("basetype"."oid", "pg_type"."typtypmod") AS "db_base_type", format_type("pg_type"."oid", "pg_attribute"."atttypmod") AS "db_type", pg_get_expr("pg_attrdef"."adbin", "pg_class"."oid") AS "default", NOT "pg_attribute"."attnotnull" AS "allow_null", COALESCE(("pg_attribute"."attnum" = ANY("pg_index"."indkey")), false) AS "primary_key" FROM "pg_class" INNER JOIN "pg_attribute" ON ("pg_attribute"."attrelid" = "pg_class"."oid") INNER JOIN "pg_type" ON ("pg_type"."oid" = "pg_attribute"."atttypid") LEFT OUTER JOIN "pg_type" AS "basetype" ON ("basetype"."oid" = "pg_type"."typbasetype") LEFT OUTER JOIN "pg_attrdef" ON (("pg_attrdef"."adrelid" = "pg_class"."oid") AND ("pg_attrdef"."adnum" = "pg_attribute"."attnum")) LEFT OUTER JOIN "pg_index" ON (("pg_index"."indrelid" = "pg_class"."oid") AND ("pg_index"."indisprimary" IS TRUE)) WHERE (("pg_attribute"."attisdropped" IS FALSE) AND ("pg_attribute"."attnum" > 0) AND ("pg_class"."oid" = CAST(CAST('"hits"' AS regclass) AS oid))) ORDER BY "pg_attribute"."attnum"
App 65 stdout: [0;32m   INFO[0m - [0;33m[0m (0.000222s) SELECT NULL
App 65 stdout: [0;32m   INFO[0m - [0;33m[0m (0.000203s) SELECT NULL
App 65 stdout: [0;32m   INFO[0m - [0;33m[0m (0.001785s) SELECT "pg_attribute"."attname" AS "name", CAST("pg_attribute"."atttypid" AS integer) AS "oid", CAST("basetype"."oid" AS integer) AS "base_oid", format_type("basetype"."oid", "pg_type"."typtypmod") AS "db_base_type", format_type("pg_type"."oid", "pg_attribute"."atttypmod") AS "db_type", pg_get_expr("pg_attrdef"."adbin", "pg_class"."oid") AS "default", NOT "pg_attribute"."attnotnull" AS "allow_null", COALESCE(("pg_attribute"."attnum" = ANY("pg_index"."indkey")), false) AS "primary_key" FROM "pg_class" INNER JOIN "pg_attribute" ON ("pg_attribute"."attrelid" = "pg_class"."oid") INNER JOIN "pg_type" ON ("pg_type"."oid" = "pg_attribute"."atttypid") LEFT OUTER JOIN "pg_type" AS "basetype" ON ("basetype"."oid" = "pg_type"."typbasetype") LEFT OUTER JOIN "pg_attrdef" ON (("pg_attrdef"."adrelid" = "pg_class"."oid") AND ("pg_attrdef"."adnum" = "pg_attribute"."attnum")) LEFT OUTER JOIN "pg_index" ON (("pg_index"."indrelid" = "pg_class"."oid") AND ("pg_index"."indisprimary" IS TRUE)) WHERE (("pg_attribute"."attisdropped" IS FALSE) AND ("pg_attribute"."attnum" > 0) AND ("pg_class"."oid" = CAST(CAST('"invites"' AS regclass) AS oid))) ORDER BY "pg_attribute"."attnum"
App 65 stdout: [0;32m   INFO[0m - [0;33m[0m (0.000317s) SELECT NULL
App 65 stdout: [0;32m   INFO[0m - [0;33m[0m (0.000279s) SELECT NULL
App 65 stdout: [0;32m   INFO[0m - [0;33m[0m (0.002305s) SELECT "pg_attribute"."attname" AS "name", CAST("pg_attribute"."atttypid" AS integer) AS "oid", CAST("basetype"."oid" AS integer) AS "base_oid", format_type("basetype"."oid", "pg_type"."typtypmod") AS "db_base_type", format_type("pg_type"."oid", "pg_attribute"."atttypmod") AS "db_type", pg_get_expr("pg_attrdef"."adbin", "pg_class"."oid") AS "default", NOT "pg_attribute"."attnotnull" AS "allow_null", COALESCE(("pg_attribute"."attnum" = ANY("pg_index"."indkey")), false) AS "primary_key" FROM "pg_class" INNER JOIN "pg_attribute" ON ("pg_attribute"."attrelid" = "pg_class"."oid") INNER JOIN "pg_type" ON ("pg_type"."oid" = "pg_attribute"."atttypid") LEFT OUTER JOIN "pg_type" AS "basetype" ON ("basetype"."oid" = "pg_type"."typbasetype") LEFT OUTER JOIN "pg_attrdef" ON (("pg_attrdef"."adrelid" = "pg_class"."oid") AND ("pg_attrdef"."adnum" = "pg_attribute"."attnum")) LEFT OUTER JOIN "pg_index" ON (("pg_index"."indrelid" = "pg_class"."oid") AND ("pg_index"."indisprimary" IS TRUE)) WHERE (("pg_attribute"."attisdropped" IS FALSE) AND ("pg_attribute"."attnum" > 0) AND ("pg_class"."oid" = CAST(CAST('"posts"' AS regclass) AS oid))) ORDER BY "pg_attribute"."attnum"
App 65 stdout: [0;32m   INFO[0m - [0;33m[0m (0.000823s) SELECT NULL
App 65 stdout: [0;32m   INFO[0m - [0;33m[0m (0.000438s) SELECT NULL
App 65 stdout: [0;32m   INFO[0m - [0;33m[0m (0.001613s) SELECT "pg_attribute"."attname" AS "name", CAST("pg_attribute"."atttypid" AS integer) AS "oid", CAST("basetype"."oid" AS integer) AS "base_oid", format_type("basetype"."oid", "pg_type"."typtypmod") AS "db_base_type", format_type("pg_type"."oid", "pg_attribute"."atttypmod") AS "db_type", pg_get_expr("pg_attrdef"."adbin", "pg_class"."oid") AS "default", NOT "pg_attribute"."attnotnull" AS "allow_null", COALESCE(("pg_attribute"."attnum" = ANY("pg_index"."indkey")), false) AS "primary_key" FROM "pg_class" INNER JOIN "pg_attribute" ON ("pg_attribute"."attrelid" = "pg_class"."oid") INNER JOIN "pg_type" ON ("pg_type"."oid" = "pg_attribute"."atttypid") LEFT OUTER JOIN "pg_type" AS "basetype" ON ("basetype"."oid" = "pg_type"."typbasetype") LEFT OUTER JOIN "pg_attrdef" ON (("pg_attrdef"."adrelid" = "pg_class"."oid") AND ("pg_attrdef"."adnum" = "pg_attribute"."attnum")) LEFT OUTER JOIN "pg_index" ON (("pg_index"."indrelid" = "pg_class"."oid") AND ("pg_index"."indisprimary" IS TRUE)) WHERE (("pg_attribute"."attisdropped" IS FALSE) AND ("pg_attribute"."attnum" > 0) AND ("pg_class"."oid" = CAST(CAST('"settings"' AS regclass) AS oid))) ORDER BY "pg_attribute"."attnum"
App 65 stdout: [0;32m   INFO[0m - [0;33m[0m (0.000211s) SELECT NULL
App 65 stdout: [0;32m   INFO[0m - [0;33m[0m (0.000110s) SELECT NULL
App 65 stdout: [0;32m   INFO[0m - [0;33m[0m (0.001646s) SELECT "pg_attribute"."attname" AS "name", CAST("pg_attribute"."atttypid" AS integer) AS "oid", CAST("basetype"."oid" AS integer) AS "base_oid", format_type("basetype"."oid", "pg_type"."typtypmod") AS "db_base_type", format_type("pg_type"."oid", "pg_attribute"."atttypmod") AS "db_type", pg_get_expr("pg_attrdef"."adbin", "pg_class"."oid") AS "default", NOT "pg_attribute"."attnotnull" AS "allow_null", COALESCE(("pg_attribute"."attnum" = ANY("pg_index"."indkey")), false) AS "primary_key" FROM "pg_class" INNER JOIN "pg_attribute" ON ("pg_attribute"."attrelid" = "pg_class"."oid") INNER JOIN "pg_type" ON ("pg_type"."oid" = "pg_attribute"."atttypid") LEFT OUTER JOIN "pg_type" AS "basetype" ON ("basetype"."oid" = "pg_type"."typbasetype") LEFT OUTER JOIN "pg_attrdef" ON (("pg_attrdef"."adrelid" = "pg_class"."oid") AND ("pg_attrdef"."adnum" = "pg_attribute"."attnum")) LEFT OUTER JOIN "pg_index" ON (("pg_index"."indrelid" = "pg_class"."oid") AND ("pg_index"."indisprimary" IS TRUE)) WHERE (("pg_attribute"."attisdropped" IS FALSE) AND ("pg_attribute"."attnum" > 0) AND ("pg_class"."oid" = CAST(CAST('"users"' AS regclass) AS oid))) ORDER BY "pg_attribute"."attnum"
App 82 stdout: 
App 82 stdout: [0;32m   INFO[0m - [0;33m[0m (0.000408s) SELECT NULL
App 82 stdout: [0;32m   INFO[0m - [0;33m[0m (0.000221s) SELECT NULL
App 82 stdout: [0;32m   INFO[0m - [0;33m[0m (0.000503s) SELECT * FROM "settings" WHERE ("name" = 'site_title') LIMIT 1
App 82 stdout: [0;36m  DEBUG[0m - [0;33m[0m [0;33mTEMPLATE[0m ([1;33m0.0024s[0m) /index
App 82 stdout: [0;36m  DEBUG[0m - [0;33m[0m [0;33mTEMPLATE[0m ([1;33m0.0018s[0m) /layouts/site
App 82 stdout: [0;36m  DEBUG[0m - [0;33m[0m [0;35m    HEAD[0m ([1;35m0.1435s[0m) / - [1;9m200[0m OK
App 82 stdout: [0;32m   INFO[0m - [0;33m[0m (0.000273s) SELECT NULL
App 82 stdout: [0;32m   INFO[0m - [0;33m[0m (0.000125s) SELECT NULL
App 82 stdout: [0;32m   INFO[0m - [0;33m[0m (0.000242s) SELECT * FROM "settings" WHERE ("name" = 'site_title') LIMIT 1
App 82 stdout: [0;36m  DEBUG[0m - [0;33m[0m [0;33mTEMPLATE[0m ([1;33m0.0007s[0m) /index
App 82 stdout: [0;36m  DEBUG[0m - [0;33m[0m [0;33mTEMPLATE[0m ([1;33m0.0005s[0m) /layouts/site
App 82 stdout: [0;36m  DEBUG[0m - [0;33m[0m [0;35m     GET[0m ([1;35m0.0142s[0m) / - [1;9m200[0m OK
App 82 stdout: [0;32m   INFO[0m - [0;33m[0m (0.000307s) SELECT NULL
App 82 stdout: [0;32m   INFO[0m - [0;33m[0m (0.000185s) SELECT NULL
App 82 stdout: [0;32m   INFO[0m - [0;33m[0m (0.000332s) SELECT * FROM "settings" WHERE ("name" = 'site_title') LIMIT 1
App 82 stdout: [0;36m  DEBUG[0m - [0;33m[0m [0;33mTEMPLATE[0m ([1;33m0.0007s[0m) /index
App 82 stdout: [0;36m  DEBUG[0m - [0;33m[0m [0;33mTEMPLATE[0m ([1;33m0.0004s[0m) /layouts/site
App 82 stdout: [0;36m  DEBUG[0m - [0;33m[0m [0;35m     GET[0m ([1;35m0.0282s[0m) / - [1;9m200[0m OK
