/usr/local/bin/ruby -r ./siteconf20160703-22-1vtjxnb.rb extconf.rb
checking for ffi_call() in -lffi... yes
checking for ffi_prep_closure()... yes
checking for ffi_raw_call()... yes
checking for ffi_prep_raw_closure()... yes
checking for rb_thread_blocking_region()... no
checking for rb_thread_call_with_gvl()... yes
checking for rb_thread_call_without_gvl()... yes
checking for ffi_prep_cif_var()... yes
creating extconf.h
creating Makefile

make "DESTDIR=" clean
make: Warning: File 'Makefile' has modification time 724827 s in the future
make: warning:  Clock skew detected.  Your build may be incomplete.

make "DESTDIR="
make: Warning: File 'Makefile' has modification time 724827 s in the future
compiling AbstractMemory.c
compiling ArrayType.c
compiling Buffer.c
compiling Call.c
compiling ClosurePool.c
compiling DataConverter.c
compiling DynamicLibrary.c
compiling ffi.c
compiling Function.c
compiling FunctionInfo.c
compiling LastError.c
compiling LongDouble.c
compiling MappedType.c
compiling MemoryPointer.c
compiling MethodHandle.c
compiling Platform.c
compiling Pointer.c
compiling Struct.c
compiling StructByReference.c
compiling StructByValue.c
compiling StructLayout.c
compiling Thread.c
compiling Type.c
compiling Types.c
compiling Variadic.c
linking shared-object ffi_c.so
make: warning:  Clock skew detected.  Your build may be incomplete.

make "DESTDIR=" install
make: Warning: File 'Makefile' has modification time 724821 s in the future
/usr/bin/install -c -m 0755 ffi_c.so ./.gem.20160703-22-1x0fikc
make: warning:  Clock skew detected.  Your build may be incomplete.
