have_library: checking for main() in -lpq... -------------------- yes

"gcc -o conftest -I/usr/local/include/ruby-2.2.0/x86_64-linux -I/usr/local/include/ruby-2.2.0/ruby/backward -I/usr/local/include/ruby-2.2.0 -I. -I/usr/include/postgresql     -O3 -fno-fast-math -ggdb3 -Wall -Wextra -Wno-unused-parameter -Wno-parentheses -Wno-long-long -Wno-missing-field-initializers -Wunused-variable -Wpointer-arith -Wwrite-strings -Wdeclaration-after-statement -Wimplicit-function-declaration -Wdeprecated-declarations -Wno-packed-bitfield-compat -Wall  conftest.c  -L/usr/lib/x86_64-linux-gnu -Wl,-R/usr/lib/x86_64-linux-gnu -L. -L/usr/local/lib -Wl,-R/usr/local/lib -L. -fstack-protector -rdynamic -Wl,-export-dynamic     -Wl,-R/usr/local/lib -L/usr/local/lib -lruby-static  -lpthread -ldl -lcrypt -lm   -lc"
checked program was:
/* begin */
1: #include "ruby.h"
2: 
3: int main(int argc, char **argv)
4: {
5:   return 0;
6: }
/* end */

"gcc -o conftest -I/usr/local/include/ruby-2.2.0/x86_64-linux -I/usr/local/include/ruby-2.2.0/ruby/backward -I/usr/local/include/ruby-2.2.0 -I. -I/usr/include/postgresql     -O3 -fno-fast-math -ggdb3 -Wall -Wextra -Wno-unused-parameter -Wno-parentheses -Wno-long-long -Wno-missing-field-initializers -Wunused-variable -Wpointer-arith -Wwrite-strings -Wdeclaration-after-statement -Wimplicit-function-declaration -Wdeprecated-declarations -Wno-packed-bitfield-compat -Wall  conftest.c  -L/usr/lib/x86_64-linux-gnu -Wl,-R/usr/lib/x86_64-linux-gnu -L. -L/usr/local/lib -Wl,-R/usr/local/lib -L. -fstack-protector -rdynamic -Wl,-export-dynamic     -Wl,-R/usr/local/lib -L/usr/local/lib -lruby-static -lpq  -lpthread -ldl -lcrypt -lm   -lc"
conftest.c: In function 't':
conftest.c:13:32: warning: variable 'p' set but not used [-Wunused-but-set-variable]
 int t(void) { void ((*volatile p)()); p = (void ((*)()))main; return 0; }
                                ^
checked program was:
/* begin */
 1: #include "ruby.h"
 2: 
 3: /*top*/
 4: extern int t(void);
 5: int main(int argc, char **argv)
 6: {
 7:   if (argc > 1000000) {
 8:     printf("%p", &t);
 9:   }
10: 
11:   return 0;
12: }
13: int t(void) { void ((*volatile p)()); p = (void ((*)()))main; return 0; }
/* end */

--------------------

have_header: checking for libpq-fe.h... -------------------- yes

"gcc -E -I/usr/local/include/ruby-2.2.0/x86_64-linux -I/usr/local/include/ruby-2.2.0/ruby/backward -I/usr/local/include/ruby-2.2.0 -I. -I/usr/include/postgresql     -O3 -fno-fast-math -ggdb3 -Wall -Wextra -Wno-unused-parameter -Wno-parentheses -Wno-long-long -Wno-missing-field-initializers -Wunused-variable -Wpointer-arith -Wwrite-strings -Wdeclaration-after-statement -Wimplicit-function-declaration -Wdeprecated-declarations -Wno-packed-bitfield-compat -Wall   conftest.c -o conftest.i"
checked program was:
/* begin */
1: #include "ruby.h"
2: 
3: #include <libpq-fe.h>
/* end */

--------------------

have_func: checking for PQsetSingleRowMode()... -------------------- yes

"gcc -o conftest -I/usr/local/include/ruby-2.2.0/x86_64-linux -I/usr/local/include/ruby-2.2.0/ruby/backward -I/usr/local/include/ruby-2.2.0 -I. -I/usr/include/postgresql     -O3 -fno-fast-math -ggdb3 -Wall -Wextra -Wno-unused-parameter -Wno-parentheses -Wno-long-long -Wno-missing-field-initializers -Wunused-variable -Wpointer-arith -Wwrite-strings -Wdeclaration-after-statement -Wimplicit-function-declaration -Wdeprecated-declarations -Wno-packed-bitfield-compat -Wall  conftest.c  -L/usr/lib/x86_64-linux-gnu -Wl,-R/usr/lib/x86_64-linux-gnu -L. -L/usr/local/lib -Wl,-R/usr/local/lib -L. -fstack-protector -rdynamic -Wl,-export-dynamic    -lpq  -Wl,-R/usr/local/lib -L/usr/local/lib -lruby-static -lpq  -lpthread -ldl -lcrypt -lm   -lc"
conftest.c: In function 't':
conftest.c:13:57: error: 'PQsetSingleRowMode' undeclared (first use in this function)
 int t(void) { void ((*volatile p)()); p = (void ((*)()))PQsetSingleRowMode; return 0; }
                                                         ^
conftest.c:13:57: note: each undeclared identifier is reported only once for each function it appears in
conftest.c:13:32: warning: variable 'p' set but not used [-Wunused-but-set-variable]
 int t(void) { void ((*volatile p)()); p = (void ((*)()))PQsetSingleRowMode; return 0; }
                                ^
checked program was:
/* begin */
 1: #include "ruby.h"
 2: 
 3: /*top*/
 4: extern int t(void);
 5: int main(int argc, char **argv)
 6: {
 7:   if (argc > 1000000) {
 8:     printf("%p", &t);
 9:   }
10: 
11:   return 0;
12: }
13: int t(void) { void ((*volatile p)()); p = (void ((*)()))PQsetSingleRowMode; return 0; }
/* end */

"gcc -o conftest -I/usr/local/include/ruby-2.2.0/x86_64-linux -I/usr/local/include/ruby-2.2.0/ruby/backward -I/usr/local/include/ruby-2.2.0 -I. -I/usr/include/postgresql     -O3 -fno-fast-math -ggdb3 -Wall -Wextra -Wno-unused-parameter -Wno-parentheses -Wno-long-long -Wno-missing-field-initializers -Wunused-variable -Wpointer-arith -Wwrite-strings -Wdeclaration-after-statement -Wimplicit-function-declaration -Wdeprecated-declarations -Wno-packed-bitfield-compat -Wall  conftest.c  -L/usr/lib/x86_64-linux-gnu -Wl,-R/usr/lib/x86_64-linux-gnu -L. -L/usr/local/lib -Wl,-R/usr/local/lib -L. -fstack-protector -rdynamic -Wl,-export-dynamic    -lpq  -Wl,-R/usr/local/lib -L/usr/local/lib -lruby-static -lpq  -lpthread -ldl -lcrypt -lm   -lc"
conftest.c: In function 't':
conftest.c:13:1: warning: implicit declaration of function 'PQsetSingleRowMode' [-Wimplicit-function-declaration]
 int t(void) { PQsetSingleRowMode(); return 0; }
 ^
checked program was:
/* begin */
 1: #include "ruby.h"
 2: 
 3: /*top*/
 4: extern int t(void);
 5: int main(int argc, char **argv)
 6: {
 7:   if (argc > 1000000) {
 8:     printf("%p", &t);
 9:   }
10: 
11:   return 0;
12: }
13: int t(void) { PQsetSingleRowMode(); return 0; }
/* end */

--------------------

